TN:
SF:tests/functional.test.js
FN:16,(anonymous_0)
FN:22,(anonymous_1)
FN:27,(anonymous_2)
FN:41,(anonymous_3)
FN:54,(anonymous_4)
FN:60,(anonymous_5)
FN:66,(anonymous_6)
FN:69,(anonymous_7)
FN:70,(anonymous_8)
FN:74,(anonymous_9)
FN:75,(anonymous_10)
FN:81,(anonymous_11)
FN:94,(anonymous_12)
FN:96,(anonymous_13)
FN:97,(anonymous_14)
FN:98,(anonymous_15)
FN:99,(anonymous_16)
FN:100,(anonymous_17)
FN:102,(anonymous_18)
FN:103,(anonymous_19)
FN:104,(anonymous_20)
FN:105,(anonymous_21)
FN:106,(anonymous_22)
FN:107,(anonymous_23)
FN:109,(anonymous_24)
FN:110,(anonymous_25)
FN:112,(anonymous_26)
FN:113,(anonymous_27)
FN:114,(anonymous_28)
FN:116,(anonymous_29)
FN:119,(anonymous_30)
FN:124,(anonymous_31)
FN:129,(anonymous_32)
FN:133,(anonymous_33)
FN:141,(anonymous_34)
FN:147,(anonymous_35)
FN:152,(anonymous_36)
FN:161,(anonymous_37)
FN:164,(anonymous_38)
FN:166,(anonymous_39)
FN:173,(anonymous_40)
FN:180,(anonymous_41)
FN:195,(anonymous_42)
FN:199,(anonymous_43)
FN:204,(anonymous_44)
FN:211,(anonymous_45)
FN:217,(anonymous_46)
FN:224,initializeApp
FN:231,loginWithEmail
FN:240,registerWithEmail
FN:255,selectComunidad
FN:277,inscribirReto
FN:305,getComunidades
FN:307,(anonymous_53)
FN:310,getUserData
FN:329,test
FN:342,assert
FN:348,assertEqual
FN:354,assertContains
FN:360,describe
FN:365,describeAsync
FN:378,(anonymous_61)
FN:379,(anonymous_62)
FN:388,(anonymous_63)
FN:389,(anonymous_64)
FN:397,(anonymous_65)
FN:403,(anonymous_66)
FN:410,(anonymous_67)
FN:411,(anonymous_68)
FN:423,(anonymous_69)
FN:428,(anonymous_70)
FN:433,(anonymous_71)
FN:435,(anonymous_72)
FN:446,(anonymous_73)
FN:447,(anonymous_74)
FN:461,(anonymous_75)
FN:468,(anonymous_76)
FN:478,(anonymous_77)
FN:479,(anonymous_78)
FN:494,(anonymous_79)
FN:502,(anonymous_80)
FN:510,(anonymous_81)
FN:511,(anonymous_82)
FN:520,(anonymous_83)
FN:528,(anonymous_84)
FN:536,(anonymous_85)
FNF:86
FNH:54
FNDA:1,(anonymous_0)
FNDA:0,(anonymous_1)
FNDA:3,(anonymous_2)
FNDA:4,(anonymous_3)
FNDA:0,(anonymous_4)
FNDA:0,(anonymous_5)
FNDA:1,(anonymous_6)
FNDA:0,(anonymous_7)
FNDA:0,(anonymous_8)
FNDA:5,(anonymous_9)
FNDA:1,(anonymous_10)
FNDA:1,(anonymous_11)
FNDA:6,(anonymous_12)
FNDA:5,(anonymous_13)
FNDA:3,(anonymous_14)
FNDA:2,(anonymous_15)
FNDA:0,(anonymous_16)
FNDA:0,(anonymous_17)
FNDA:0,(anonymous_18)
FNDA:1,(anonymous_19)
FNDA:1,(anonymous_20)
FNDA:0,(anonymous_21)
FNDA:0,(anonymous_22)
FNDA:0,(anonymous_23)
FNDA:0,(anonymous_24)
FNDA:0,(anonymous_25)
FNDA:0,(anonymous_26)
FNDA:0,(anonymous_27)
FNDA:0,(anonymous_28)
FNDA:0,(anonymous_29)
FNDA:0,(anonymous_30)
FNDA:3,(anonymous_31)
FNDA:0,(anonymous_32)
FNDA:2,(anonymous_33)
FNDA:0,(anonymous_34)
FNDA:0,(anonymous_35)
FNDA:0,(anonymous_36)
FNDA:0,(anonymous_37)
FNDA:0,(anonymous_38)
FNDA:0,(anonymous_39)
FNDA:0,(anonymous_40)
FNDA:0,(anonymous_41)
FNDA:2,(anonymous_42)
FNDA:4,(anonymous_43)
FNDA:1,(anonymous_44)
FNDA:1,(anonymous_45)
FNDA:5,(anonymous_46)
FNDA:1,initializeApp
FNDA:3,loginWithEmail
FNDA:4,registerWithEmail
FNDA:2,selectComunidad
FNDA:1,inscribirReto
FNDA:0,getComunidades
FNDA:0,(anonymous_53)
FNDA:0,getUserData
FNDA:17,test
FNDA:5,assert
FNDA:1,assertEqual
FNDA:0,assertContains
FNDA:2,describe
FNDA:4,describeAsync
FNDA:1,(anonymous_61)
FNDA:1,(anonymous_62)
FNDA:1,(anonymous_63)
FNDA:1,(anonymous_64)
FNDA:1,(anonymous_65)
FNDA:1,(anonymous_66)
FNDA:1,(anonymous_67)
FNDA:1,(anonymous_68)
FNDA:1,(anonymous_69)
FNDA:1,(anonymous_70)
FNDA:1,(anonymous_71)
FNDA:2,(anonymous_72)
FNDA:1,(anonymous_73)
FNDA:1,(anonymous_74)
FNDA:1,(anonymous_75)
FNDA:1,(anonymous_76)
FNDA:1,(anonymous_77)
FNDA:1,(anonymous_78)
FNDA:1,(anonymous_79)
FNDA:1,(anonymous_80)
FNDA:1,(anonymous_81)
FNDA:1,(anonymous_82)
FNDA:1,(anonymous_83)
FNDA:0,(anonymous_84)
FNDA:1,(anonymous_85)
DA:9,1
DA:10,1
DA:17,1
DA:18,1
DA:19,1
DA:23,0
DA:24,0
DA:29,3
DA:30,0
DA:32,3
DA:33,0
DA:36,3
DA:37,3
DA:38,3
DA:42,4
DA:43,1
DA:45,3
DA:46,1
DA:49,2
DA:50,2
DA:51,2
DA:55,0
DA:56,0
DA:57,0
DA:61,0
DA:62,0
DA:63,0
DA:67,1
DA:68,1
DA:69,1
DA:70,0
DA:75,5
DA:82,1
DA:91,1
DA:95,6
DA:96,5
DA:97,3
DA:98,2
DA:99,0
DA:100,0
DA:102,0
DA:103,1
DA:105,0
DA:106,0
DA:107,0
DA:109,0
DA:110,0
DA:112,0
DA:113,0
DA:114,0
DA:116,0
DA:119,0
DA:125,3
DA:126,3
DA:129,0
DA:134,2
DA:135,0
DA:137,2
DA:138,2
DA:142,0
DA:143,0
DA:144,0
DA:148,0
DA:149,0
DA:153,0
DA:154,0
DA:155,0
DA:157,0
DA:158,0
DA:162,0
DA:163,0
DA:164,0
DA:165,0
DA:166,0
DA:170,0
DA:173,0
DA:179,1
DA:180,0
DA:186,1
DA:196,2
DA:200,4
DA:201,3
DA:205,1
DA:206,1
DA:208,0
DA:212,1
DA:213,1
DA:214,1
DA:215,1
DA:216,1
DA:217,5
DA:225,1
DA:226,1
DA:232,3
DA:233,3
DA:234,0
DA:236,0
DA:241,4
DA:242,4
DA:244,0
DA:249,0
DA:251,0
DA:256,2
DA:257,2
DA:258,0
DA:259,0
DA:262,0
DA:269,0
DA:271,0
DA:273,0
DA:278,1
DA:280,1
DA:285,0
DA:286,0
DA:289,0
DA:299,0
DA:301,1
DA:306,0
DA:307,0
DA:311,0
DA:312,0
DA:314,0
DA:315,0
DA:316,0
DA:317,0
DA:318,0
DA:320,0
DA:325,1
DA:326,1
DA:327,1
DA:330,17
DA:331,17
DA:332,17
DA:333,17
DA:334,17
DA:336,0
DA:337,0
DA:338,0
DA:343,5
DA:344,0
DA:349,1
DA:350,0
DA:355,0
DA:356,0
DA:361,2
DA:362,2
DA:366,4
DA:367,4
DA:372,1
DA:373,1
DA:378,1
DA:379,1
DA:380,1
DA:381,1
DA:382,1
DA:383,1
DA:384,1
DA:388,1
DA:389,1
DA:390,1
DA:392,0
DA:393,0
DA:394,0
DA:397,1
DA:398,1
DA:399,0
DA:400,0
DA:403,1
DA:404,1
DA:405,0
DA:406,0
DA:410,1
DA:411,1
DA:413,1
DA:416,0
DA:418,0
DA:419,0
DA:420,0
DA:423,1
DA:424,1
DA:425,0
DA:428,1
DA:429,1
DA:430,0
DA:433,1
DA:434,1
DA:435,1
DA:436,2
DA:439,1
DA:441,0
DA:442,0
DA:446,1
DA:447,1
DA:449,1
DA:455,0
DA:457,0
DA:458,0
DA:461,1
DA:462,1
DA:464,0
DA:465,0
DA:468,1
DA:469,1
DA:471,0
DA:473,0
DA:474,0
DA:478,1
DA:479,1
DA:481,1
DA:488,0
DA:490,0
DA:491,0
DA:494,1
DA:496,1
DA:498,0
DA:499,0
DA:502,1
DA:504,1
DA:506,0
DA:510,1
DA:511,1
DA:512,1
DA:514,1
DA:516,1
DA:517,1
DA:520,1
DA:522,1
DA:523,1
DA:525,1
DA:528,0
DA:530,0
DA:531,0
DA:533,0
DA:536,1
DA:537,1
DA:538,1
DA:540,1
DA:542,1
DA:543,1
DA:549,1
DA:550,1
DA:551,1
DA:552,1
DA:553,1
DA:554,1
DA:555,1
DA:557,1
DA:558,0
DA:559,0
DA:561,1
DA:562,1
LF:251
LH:139
BRDA:29,0,0,0
BRDA:29,0,1,3
BRDA:29,1,0,3
BRDA:29,1,1,3
BRDA:32,2,0,0
BRDA:32,2,1,3
BRDA:42,3,0,1
BRDA:42,3,1,3
BRDA:42,4,0,4
BRDA:42,4,1,3
BRDA:45,5,0,1
BRDA:45,5,1,2
BRDA:134,6,0,0
BRDA:134,6,1,2
BRDA:142,7,0,0
BRDA:142,7,1,0
BRDA:154,8,0,0
BRDA:154,8,1,0
BRDA:163,9,0,0
BRDA:163,9,1,0
BRDA:165,10,0,0
BRDA:165,10,1,0
BRDA:165,11,0,0
BRDA:165,11,1,0
BRDA:171,12,0,0
BRDA:171,12,1,0
BRDA:205,13,0,1
BRDA:205,13,1,0
BRDA:246,14,0,0
BRDA:246,14,1,0
BRDA:258,15,0,0
BRDA:258,15,1,0
BRDA:285,16,0,0
BRDA:285,16,1,0
BRDA:312,17,0,0
BRDA:312,17,1,0
BRDA:315,18,0,0
BRDA:315,18,1,0
BRDA:343,19,0,0
BRDA:343,19,1,5
BRDA:344,20,0,0
BRDA:344,20,1,0
BRDA:349,21,0,0
BRDA:349,21,1,1
BRDA:350,22,0,0
BRDA:350,22,1,0
BRDA:355,23,0,0
BRDA:355,23,1,0
BRDA:356,24,0,0
BRDA:356,24,1,0
BRDA:557,25,0,0
BRDA:557,25,1,1
BRF:52
BRH:15
end_of_record
TN:
SF:tests/performance.test.js
FN:19,(anonymous_0)
FN:54,(anonymous_1)
FN:59,(anonymous_2)
FN:64,(anonymous_3)
FN:67,(anonymous_4)
FN:68,(anonymous_5)
FN:74,(anonymous_6)
FN:77,(anonymous_7)
FN:83,(anonymous_8)
FN:90,(anonymous_9)
FN:97,(anonymous_10)
FN:99,(anonymous_11)
FN:100,(anonymous_12)
FN:101,(anonymous_13)
FN:105,(anonymous_14)
FN:107,(anonymous_15)
FN:116,(anonymous_16)
FN:120,(anonymous_17)
FN:122,(anonymous_18)
FN:129,(anonymous_19)
FN:133,(anonymous_20)
FN:135,(anonymous_21)
FN:144,(anonymous_22)
FN:148,(anonymous_23)
FN:150,(anonymous_24)
FN:158,(anonymous_25)
FN:160,(anonymous_26)
FN:164,(anonymous_27)
FN:165,(anonymous_28)
FN:173,(anonymous_29)
FN:177,(anonymous_30)
FN:178,(anonymous_31)
FN:185,(anonymous_32)
FN:189,(anonymous_33)
FN:190,(anonymous_34)
FN:208,(anonymous_35)
FN:212,(anonymous_36)
FN:217,(anonymous_37)
FN:224,(anonymous_38)
FN:232,(anonymous_39)
FN:244,initialize
FN:249,loadDashboard
FN:277,(anonymous_42)
FN:278,(anonymous_43)
FN:283,getComunidades
FN:300,(anonymous_45)
FN:304,(anonymous_46)
FN:315,getVentasByComunidad
FN:323,(anonymous_48)
FN:330,(anonymous_49)
FN:331,(anonymous_50)
FN:347,test
FN:360,assert
FN:364,assertLessThan
FN:370,assertEqual
FN:376,describe
FN:386,(anonymous_56)
FN:387,(anonymous_57)
FN:393,(anonymous_58)
FN:394,(anonymous_59)
FN:406,(anonymous_60)
FN:422,(anonymous_61)
FN:423,(anonymous_62)
FN:435,(anonymous_63)
FN:448,(anonymous_64)
FN:457,(anonymous_65)
FN:458,(anonymous_66)
FN:467,(anonymous_67)
FN:475,(anonymous_68)
FN:483,(anonymous_69)
FN:488,(anonymous_70)
FN:498,(anonymous_71)
FN:509,(anonymous_72)
FN:510,(anonymous_73)
FN:528,(anonymous_74)
FN:534,(anonymous_75)
FNF:76
FNH:41
FNDA:1,(anonymous_0)
FNDA:7,(anonymous_1)
FNDA:7,(anonymous_2)
FNDA:7,(anonymous_3)
FNDA:3,(anonymous_4)
FNDA:3,(anonymous_5)
FNDA:0,(anonymous_6)
FNDA:0,(anonymous_7)
FNDA:0,(anonymous_8)
FNDA:0,(anonymous_9)
FNDA:2,(anonymous_10)
FNDA:0,(anonymous_11)
FNDA:0,(anonymous_12)
FNDA:0,(anonymous_13)
FNDA:0,(anonymous_14)
FNDA:0,(anonymous_15)
FNDA:0,(anonymous_16)
FNDA:0,(anonymous_17)
FNDA:0,(anonymous_18)
FNDA:0,(anonymous_19)
FNDA:0,(anonymous_20)
FNDA:0,(anonymous_21)
FNDA:2,(anonymous_22)
FNDA:100,(anonymous_23)
FNDA:0,(anonymous_24)
FNDA:0,(anonymous_25)
FNDA:0,(anonymous_26)
FNDA:0,(anonymous_27)
FNDA:0,(anonymous_28)
FNDA:0,(anonymous_29)
FNDA:0,(anonymous_30)
FNDA:0,(anonymous_31)
FNDA:2,(anonymous_32)
FNDA:4,(anonymous_33)
FNDA:0,(anonymous_34)
FNDA:4,(anonymous_35)
FNDA:5,(anonymous_36)
FNDA:1,(anonymous_37)
FNDA:0,(anonymous_38)
FNDA:2,(anonymous_39)
FNDA:1,initialize
FNDA:2,loadDashboard
FNDA:0,(anonymous_42)
FNDA:0,(anonymous_43)
FNDA:2,getComunidades
FNDA:0,(anonymous_45)
FNDA:0,(anonymous_46)
FNDA:1,getVentasByComunidad
FNDA:0,(anonymous_48)
FNDA:0,(anonymous_49)
FNDA:0,(anonymous_50)
FNDA:12,test
FNDA:4,assert
FNDA:0,assertLessThan
FNDA:1,assertEqual
FNDA:5,describe
FNDA:1,(anonymous_56)
FNDA:1,(anonymous_57)
FNDA:1,(anonymous_58)
FNDA:1,(anonymous_59)
FNDA:1,(anonymous_60)
FNDA:1,(anonymous_61)
FNDA:1,(anonymous_62)
FNDA:1,(anonymous_63)
FNDA:1,(anonymous_64)
FNDA:1,(anonymous_65)
FNDA:1,(anonymous_66)
FNDA:1,(anonymous_67)
FNDA:0,(anonymous_68)
FNDA:1,(anonymous_69)
FNDA:1,(anonymous_70)
FNDA:1,(anonymous_71)
FNDA:1,(anonymous_72)
FNDA:1,(anonymous_73)
FNDA:1,(anonymous_74)
FNDA:0,(anonymous_75)
DA:8,1
DA:9,1
DA:14,1
DA:15,1
DA:20,1
DA:34,1
DA:35,50
DA:44,1
DA:45,20
DA:55,7
DA:56,7
DA:60,7
DA:61,7
DA:65,7
DA:66,7
DA:67,3
DA:69,3
DA:70,3
DA:71,3
DA:74,0
DA:78,0
DA:79,0
DA:80,0
DA:81,0
DA:84,0
DA:85,0
DA:86,0
DA:87,0
DA:91,0
DA:92,0
DA:93,0
DA:94,0
DA:95,0
DA:98,2
DA:99,0
DA:100,0
DA:102,0
DA:103,0
DA:104,0
DA:105,0
DA:106,0
DA:107,0
DA:111,0
DA:117,0
DA:118,0
DA:119,0
DA:120,0
DA:121,0
DA:122,0
DA:126,0
DA:130,0
DA:131,0
DA:132,0
DA:133,0
DA:134,0
DA:135,0
DA:139,0
DA:145,2
DA:146,2
DA:147,2
DA:148,2
DA:149,100
DA:150,100
DA:154,2
DA:159,0
DA:161,0
DA:162,0
DA:163,0
DA:164,0
DA:165,0
DA:168,0
DA:174,0
DA:175,0
DA:176,0
DA:177,0
DA:178,0
DA:181,0
DA:186,2
DA:187,2
DA:188,2
DA:189,2
DA:190,4
DA:193,2
DA:201,1
DA:209,4
DA:213,5
DA:214,4
DA:218,1
DA:219,1
DA:221,0
DA:225,0
DA:226,0
DA:227,0
DA:229,0
DA:233,2
DA:234,2
DA:235,2
DA:245,1
DA:250,2
DA:251,2
DA:254,2
DA:255,0
DA:258,0
DA:263,0
DA:268,0
DA:270,0
DA:272,0
DA:277,0
DA:278,0
DA:284,2
DA:285,2
DA:288,2
DA:289,0
DA:290,0
DA:299,2
DA:300,0
DA:303,0
DA:304,0
DA:306,0
DA:316,1
DA:317,1
DA:320,1
DA:323,0
DA:324,0
DA:325,0
DA:328,0
DA:329,0
DA:330,0
DA:331,0
DA:334,0
DA:343,1
DA:344,1
DA:345,1
DA:348,12
DA:349,12
DA:350,12
DA:351,12
DA:352,12
DA:354,0
DA:355,0
DA:356,0
DA:361,4
DA:365,0
DA:366,0
DA:371,1
DA:372,0
DA:377,5
DA:378,5
DA:383,1
DA:384,1
DA:386,1
DA:387,1
DA:388,1
DA:389,1
DA:393,1
DA:394,1
DA:395,1
DA:397,0
DA:398,0
DA:401,0
DA:402,0
DA:403,0
DA:406,1
DA:407,1
DA:415,0
DA:418,0
DA:422,1
DA:423,1
DA:425,1
DA:427,1
DA:429,0
DA:431,0
DA:432,0
DA:435,1
DA:437,1
DA:440,0
DA:442,0
DA:444,0
DA:445,0
DA:448,1
DA:449,1
DA:451,0
DA:453,0
DA:457,1
DA:458,1
DA:459,1
DA:461,1
DA:463,1
DA:464,1
DA:467,1
DA:469,1
DA:470,1
DA:472,1
DA:475,0
DA:477,0
DA:478,0
DA:480,0
DA:483,1
DA:484,1
DA:486,1
DA:488,1
DA:490,0
DA:492,0
DA:493,0
DA:495,0
DA:498,1
DA:499,1
DA:500,1
DA:502,1
DA:504,1
DA:505,1
DA:509,1
DA:510,1
DA:511,1
DA:512,1
DA:515,1
DA:516,1
DA:517,1
DA:518,0
DA:521,0
DA:523,0
DA:525,0
DA:528,1
DA:529,1
DA:531,1
DA:533,0
DA:534,0
DA:540,1
DA:541,1
DA:542,1
DA:543,1
DA:544,1
DA:545,1
DA:546,1
DA:548,1
DA:549,0
DA:550,0
DA:552,1
DA:553,1
LF:239
LH:124
BRDA:79,0,0,0
BRDA:79,0,1,0
BRDA:85,1,0,0
BRDA:85,1,1,0
BRDA:93,2,0,0
BRDA:93,2,1,0
BRDA:104,3,0,0
BRDA:104,3,1,0
BRDA:106,4,0,0
BRDA:106,4,1,0
BRDA:119,5,0,0
BRDA:119,5,1,0
BRDA:121,6,0,0
BRDA:121,6,1,0
BRDA:132,7,0,0
BRDA:132,7,1,0
BRDA:134,8,0,0
BRDA:134,8,1,0
BRDA:147,9,0,2
BRDA:147,9,1,0
BRDA:149,10,0,100
BRDA:149,10,1,0
BRDA:163,11,0,0
BRDA:163,11,1,0
BRDA:176,12,0,0
BRDA:176,12,1,0
BRDA:188,13,0,2
BRDA:188,13,1,0
BRDA:218,14,0,1
BRDA:218,14,1,0
BRDA:225,15,0,0
BRDA:225,15,1,0
BRDA:233,16,0,2
BRDA:233,16,1,0
BRDA:255,17,0,0
BRDA:255,17,1,0
BRDA:258,18,0,0
BRDA:258,18,1,0
BRDA:263,19,0,0
BRDA:263,19,1,0
BRDA:276,20,0,0
BRDA:276,20,1,0
BRDA:283,21,0,0
BRDA:288,22,0,0
BRDA:288,22,1,2
BRDA:288,23,0,2
BRDA:288,23,1,2
BRDA:288,23,2,0
BRDA:361,24,0,0
BRDA:361,24,1,4
BRDA:361,25,0,0
BRDA:361,25,1,0
BRDA:365,26,0,0
BRDA:365,26,1,0
BRDA:366,27,0,0
BRDA:366,27,1,0
BRDA:371,28,0,0
BRDA:371,28,1,1
BRDA:372,29,0,0
BRDA:372,29,1,0
BRDA:548,30,0,0
BRDA:548,30,1,1
BRF:62
BRH:11
end_of_record
TN:
SF:tests/security.test.js
FN:16,loadRules
FN:24,(anonymous_1)
FN:36,(anonymous_2)
FN:45,(anonymous_3)
FN:50,(anonymous_4)
FN:58,extractHelpers
FN:85,analyzeCollectionRule
FN:122,test
FN:135,assert
FN:141,assertContains
FN:147,assertNotContains
FN:153,describe
FN:163,(anonymous_12)
FN:167,(anonymous_13)
FN:171,(anonymous_14)
FN:176,(anonymous_15)
FN:184,(anonymous_16)
FN:187,(anonymous_17)
FN:194,(anonymous_18)
FN:201,(anonymous_19)
FN:204,(anonymous_20)
FN:212,(anonymous_21)
FN:228,(anonymous_22)
FN:235,(anonymous_23)
FN:238,(anonymous_24)
FN:245,(anonymous_25)
FN:253,(anonymous_26)
FN:256,(anonymous_27)
FN:278,(anonymous_28)
FN:286,(anonymous_29)
FN:289,(anonymous_30)
FN:306,(anonymous_31)
FN:309,(anonymous_32)
FN:316,(anonymous_33)
FN:325,(anonymous_34)
FN:328,(anonymous_35)
FNF:36
FNH:32
FNDA:8,loadRules
FNDA:0,(anonymous_1)
FNDA:0,(anonymous_2)
FNDA:0,(anonymous_3)
FNDA:0,(anonymous_4)
FNDA:1,extractHelpers
FNDA:15,analyzeCollectionRule
FNDA:16,test
FNDA:23,assert
FNDA:13,assertContains
FNDA:1,assertNotContains
FNDA:8,describe
FNDA:1,(anonymous_12)
FNDA:1,(anonymous_13)
FNDA:1,(anonymous_14)
FNDA:1,(anonymous_15)
FNDA:1,(anonymous_16)
FNDA:1,(anonymous_17)
FNDA:1,(anonymous_18)
FNDA:1,(anonymous_19)
FNDA:1,(anonymous_20)
FNDA:1,(anonymous_21)
FNDA:1,(anonymous_22)
FNDA:1,(anonymous_23)
FNDA:1,(anonymous_24)
FNDA:1,(anonymous_25)
FNDA:1,(anonymous_26)
FNDA:1,(anonymous_27)
FNDA:1,(anonymous_28)
FNDA:1,(anonymous_29)
FNDA:1,(anonymous_30)
FNDA:1,(anonymous_31)
FNDA:1,(anonymous_32)
FNDA:1,(anonymous_33)
FNDA:1,(anonymous_34)
FNDA:1,(anonymous_35)
DA:8,1
DA:9,1
DA:13,1
DA:17,8
DA:25,0
DA:26,0
DA:30,0
DA:37,0
DA:38,0
DA:39,0
DA:46,0
DA:47,0
DA:51,0
DA:59,1
DA:62,1
DA:63,1
DA:67,1
DA:68,1
DA:72,1
DA:73,1
DA:77,1
DA:78,1
DA:81,1
DA:87,15
DA:88,15
DA:90,15
DA:93,15
DA:94,15
DA:100,15
DA:105,15
DA:106,15
DA:109,15
DA:110,15
DA:111,15
DA:113,15
DA:118,1
DA:119,1
DA:120,1
DA:123,16
DA:124,16
DA:125,16
DA:126,16
DA:127,16
DA:129,0
DA:130,0
DA:131,0
DA:136,23
DA:137,0
DA:142,13
DA:143,0
DA:148,1
DA:149,0
DA:154,8
DA:155,8
DA:160,1
DA:161,1
DA:163,1
DA:167,1
DA:168,1
DA:171,1
DA:172,1
DA:173,1
DA:176,1
DA:177,1
DA:178,1
DA:179,1
DA:180,1
DA:184,1
DA:185,1
DA:187,1
DA:188,1
DA:189,1
DA:190,1
DA:191,1
DA:194,1
DA:195,1
DA:196,1
DA:197,1
DA:201,1
DA:202,1
DA:204,1
DA:205,1
DA:206,1
DA:208,1
DA:209,1
DA:212,1
DA:214,1
DA:218,1
DA:222,1
DA:225,1
DA:228,1
DA:229,1
DA:230,1
DA:231,1
DA:235,1
DA:236,1
DA:238,1
DA:239,1
DA:240,1
DA:241,1
DA:245,1
DA:246,1
DA:247,1
DA:248,1
DA:253,1
DA:254,1
DA:256,1
DA:258,1
DA:259,1
DA:262,1
DA:263,1
DA:266,1
DA:268,1
DA:270,1
DA:273,1
DA:275,1
DA:278,1
DA:279,1
DA:280,1
DA:281,1
DA:286,1
DA:287,1
DA:289,1
DA:291,1
DA:292,1
DA:293,1
DA:294,1
DA:297,1
DA:298,1
DA:299,1
DA:300,1
DA:302,1
DA:306,1
DA:307,1
DA:309,1
DA:310,1
DA:311,1
DA:312,1
DA:316,1
DA:317,1
DA:318,1
DA:320,1
DA:325,1
DA:326,1
DA:328,1
DA:329,1
DA:331,1
DA:338,1
DA:339,1
DA:340,1
DA:341,1
DA:342,1
DA:343,1
DA:344,1
DA:346,1
DA:347,0
DA:348,0
DA:350,1
DA:351,1
LF:159
LH:142
BRDA:24,0,0,0
BRDA:24,1,0,0
BRDA:45,2,0,0
BRDA:62,3,0,1
BRDA:62,3,1,0
BRDA:62,4,0,1
BRDA:62,4,1,1
BRDA:67,5,0,1
BRDA:67,5,1,0
BRDA:72,6,0,1
BRDA:72,6,1,0
BRDA:77,7,0,1
BRDA:77,7,1,0
BRDA:90,8,0,0
BRDA:90,8,1,15
BRDA:94,9,0,0
BRDA:94,9,1,15
BRDA:100,10,0,9
BRDA:100,10,1,6
BRDA:101,11,0,3
BRDA:101,11,1,3
BRDA:102,12,0,2
BRDA:102,12,1,1
BRDA:103,13,0,1
BRDA:103,13,1,0
BRDA:106,14,0,0
BRDA:106,14,1,15
BRDA:111,15,0,0
BRDA:111,15,1,15
BRDA:136,16,0,0
BRDA:136,16,1,23
BRDA:137,17,0,0
BRDA:137,17,1,0
BRDA:142,18,0,0
BRDA:142,18,1,13
BRDA:143,19,0,0
BRDA:143,19,1,0
BRDA:148,20,0,0
BRDA:148,20,1,1
BRDA:149,21,0,0
BRDA:149,21,1,0
BRDA:222,22,0,1
BRDA:222,22,1,0
BRDA:241,23,0,1
BRDA:241,23,1,0
BRDA:248,24,0,1
BRDA:248,24,1,0
BRDA:266,25,0,1
BRDA:266,25,1,1
BRDA:270,26,0,1
BRDA:270,26,1,1
BRDA:270,26,2,1
BRDA:281,27,0,1
BRDA:281,27,1,0
BRDA:312,28,0,1
BRDA:312,28,1,0
BRDA:320,29,0,1
BRDA:320,29,1,0
BRDA:346,30,0,0
BRDA:346,30,1,1
BRF:60
BRH:32
end_of_record
TN:
SF:tests/ui.test.js
FN:19,extractScriptTags
FN:29,extractCSSLinks
FN:39,extractMetaTags
FN:49,checkElementExists
FN:73,findElementsByText
FN:85,test
FN:98,assert
FN:102,assertContains
FN:108,assertNotContains
FN:114,assertMatch
FN:120,describe
FN:130,(anonymous_11)
FN:131,(anonymous_12)
FN:135,(anonymous_13)
FN:142,(anonymous_14)
FN:148,(anonymous_15)
FN:149,(anonymous_16)
FN:164,(anonymous_17)
FN:169,(anonymous_18)
FN:176,(anonymous_19)
FN:184,(anonymous_20)
FN:185,(anonymous_21)
FN:189,(anonymous_22)
FN:194,(anonymous_23)
FN:198,(anonymous_24)
FN:202,(anonymous_25)
FN:209,(anonymous_26)
FN:215,(anonymous_27)
FN:220,(anonymous_28)
FN:221,(anonymous_29)
FN:227,(anonymous_30)
FN:232,(anonymous_31)
FN:240,(anonymous_32)
FN:245,(anonymous_33)
FN:246,(anonymous_34)
FN:255,(anonymous_35)
FN:262,(anonymous_36)
FN:270,(anonymous_37)
FN:277,(anonymous_38)
FN:283,(anonymous_39)
FN:293,(anonymous_40)
FN:306,(anonymous_41)
FNF:42
FNH:37
FNDA:0,extractScriptTags
FNDA:0,extractCSSLinks
FNDA:0,extractMetaTags
FNDA:6,checkElementExists
FNDA:3,findElementsByText
FNDA:31,test
FNDA:24,assert
FNDA:25,assertContains
FNDA:0,assertNotContains
FNDA:0,assertMatch
FNDA:6,describe
FNDA:1,(anonymous_11)
FNDA:1,(anonymous_12)
FNDA:1,(anonymous_13)
FNDA:1,(anonymous_14)
FNDA:1,(anonymous_15)
FNDA:1,(anonymous_16)
FNDA:1,(anonymous_17)
FNDA:1,(anonymous_18)
FNDA:1,(anonymous_19)
FNDA:1,(anonymous_20)
FNDA:1,(anonymous_21)
FNDA:1,(anonymous_22)
FNDA:1,(anonymous_23)
FNDA:1,(anonymous_24)
FNDA:1,(anonymous_25)
FNDA:1,(anonymous_26)
FNDA:1,(anonymous_27)
FNDA:1,(anonymous_28)
FNDA:1,(anonymous_29)
FNDA:1,(anonymous_30)
FNDA:1,(anonymous_31)
FNDA:1,(anonymous_32)
FNDA:1,(anonymous_33)
FNDA:1,(anonymous_34)
FNDA:1,(anonymous_35)
FNDA:1,(anonymous_36)
FNDA:1,(anonymous_37)
FNDA:1,(anonymous_38)
FNDA:1,(anonymous_39)
FNDA:1,(anonymous_40)
FNDA:8,(anonymous_41)
DA:9,1
DA:10,1
DA:14,1
DA:15,1
DA:20,0
DA:21,0
DA:23,0
DA:24,0
DA:26,0
DA:30,0
DA:31,0
DA:33,0
DA:34,0
DA:36,0
DA:40,0
DA:41,0
DA:43,0
DA:44,0
DA:46,0
DA:51,6
DA:70,6
DA:74,3
DA:75,3
DA:80,1
DA:81,1
DA:82,1
DA:83,1
DA:86,31
DA:87,31
DA:88,31
DA:89,31
DA:90,31
DA:92,0
DA:93,0
DA:94,0
DA:99,24
DA:103,25
DA:104,0
DA:109,0
DA:110,0
DA:115,0
DA:116,0
DA:121,6
DA:122,6
DA:127,1
DA:128,1
DA:130,1
DA:131,1
DA:132,1
DA:135,1
DA:136,1
DA:137,1
DA:138,1
DA:139,1
DA:142,1
DA:143,1
DA:144,1
DA:148,1
DA:149,1
DA:151,1
DA:153,1
DA:154,2
DA:156,2
DA:157,2
DA:160,2
DA:164,1
DA:165,1
DA:166,1
DA:169,1
DA:170,1
DA:171,1
DA:172,1
DA:173,1
DA:176,1
DA:178,1
DA:180,1
DA:184,1
DA:185,1
DA:186,1
DA:189,1
DA:190,1
DA:191,1
DA:194,1
DA:195,1
DA:198,1
DA:199,1
DA:202,1
DA:204,1
DA:206,1
DA:209,1
DA:210,1
DA:212,1
DA:215,1
DA:216,1
DA:220,1
DA:221,1
DA:223,1
DA:224,1
DA:227,1
DA:228,1
DA:229,1
DA:232,1
DA:234,1
DA:240,1
DA:241,1
DA:245,1
DA:246,1
DA:247,1
DA:249,1
DA:250,1
DA:251,1
DA:252,1
DA:255,1
DA:256,1
DA:258,1
DA:259,1
DA:262,1
DA:263,1
DA:265,1
DA:266,1
DA:267,1
DA:270,1
DA:271,1
DA:273,1
DA:274,1
DA:277,1
DA:278,1
DA:280,1
DA:283,1
DA:284,1
DA:286,1
DA:287,1
DA:288,1
DA:289,1
DA:293,1
DA:294,1
DA:305,1
DA:306,8
DA:307,8
DA:308,8
DA:315,1
DA:316,1
DA:317,1
DA:318,1
DA:319,1
DA:320,1
DA:321,1
DA:323,1
DA:324,0
DA:325,0
DA:327,1
DA:328,1
DA:329,1
DA:330,1
LF:154
LH:129
BRDA:70,0,0,6
BRDA:70,0,1,0
BRDA:99,1,0,0
BRDA:99,1,1,24
BRDA:99,2,0,0
BRDA:99,2,1,0
BRDA:103,3,0,0
BRDA:103,3,1,25
BRDA:104,4,0,0
BRDA:104,4,1,0
BRDA:109,5,0,0
BRDA:109,5,1,0
BRDA:110,6,0,0
BRDA:110,6,1,0
BRDA:115,7,0,0
BRDA:115,7,1,0
BRDA:116,8,0,0
BRDA:116,8,1,0
BRDA:144,9,0,1
BRDA:144,9,1,0
BRDA:151,10,0,1
BRDA:151,10,1,0
BRDA:156,11,0,2
BRDA:156,11,1,0
BRDA:157,12,0,2
BRDA:157,12,1,1
BRDA:178,13,0,1
BRDA:178,13,1,0
BRDA:204,14,0,1
BRDA:204,14,1,0
BRDA:210,15,0,1
BRDA:210,15,1,0
BRDA:307,16,0,8
BRDA:307,16,1,0
BRDA:323,17,0,0
BRDA:323,17,1,1
BRF:36
BRH:13
end_of_record
TN:
SF:tests/e2e/basic.spec.js
FN:3,(anonymous_0)
FN:5,(anonymous_1)
FN:9,(anonymous_2)
FN:13,(anonymous_3)
FN:18,(anonymous_4)
FN:20,(anonymous_5)
FN:27,(anonymous_6)
FNF:7
FNH:0
FNDA:0,(anonymous_0)
FNDA:0,(anonymous_1)
FNDA:0,(anonymous_2)
FNDA:0,(anonymous_3)
FNDA:0,(anonymous_4)
FNDA:0,(anonymous_5)
FNDA:0,(anonymous_6)
DA:3,0
DA:5,0
DA:6,0
DA:9,0
DA:10,0
DA:13,0
DA:14,0
DA:15,0
DA:18,0
DA:19,0
DA:20,0
DA:21,0
DA:22,0
DA:25,0
DA:26,0
DA:27,0
DA:28,0
LF:17
LH:0
BRDA:21,0,0,0
BRDA:21,0,1,0
BRF:2
BRH:0
end_of_record
